<?xml version="1.0" encoding="UTF-8"?>
<!-- Generated by org.testng.reporters.JUnitXMLReporter -->
<testsuite hostname="P3ALAP-G01FU1K" name="Test" tests="10" failures="0" timestamp="16 Jul 2019 10:17:08 GMT" time="630.848" errors="0">
  <testcase name="tc217" time="56.135" classname="fb.mpos.testcases.TC217"/>
  <testcase name="tc497" time="34.79" classname="fb.mpos.testcases.TC497"/>
  <testcase name="tc686" time="28.508" classname="fb.mpos.testcases.TC686"/>
  <testcase name="tc687" time="62.126" classname="fb.mpos.testcases.TC687"/>
  <testcase name="tc691" time="81.906" classname="fb.mpos.testcases.TC691"/>
  <testcase name="tc703" time="34.559" classname="fb.mpos.testcases.TC703"/>
  <testcase name="tc381" time="105.14" classname="fb.mpos.testcases.TC381_PartialPayment"/>
  <testcase name="tc381" time="105.823" classname="fb.mpos.testcases.TC381"/>
  <testcase name="tc221" time="88.168" classname="fb.mpos.testcases.TC221"/>
  <testcase name="tc219" time="32.963" classname="fb.mpos.testcases.TC219"/>
</testsuite> <!-- Test -->
